Build started 1/25/2014 8:47:02 PM.
     1>Project "C:\Users\Yogesh\Documents\Visual Studio 2012\Projects\tiny_wings_clone\plastic_jungle\plastic_jungle.vcxproj" on node 2 (Build target(s)).
     1>ClCompile:
         C:\Program Files (x86)\Microsoft Visual Studio 11.0\VC\bin\CL.exe /c /ZI /nologo /W3 /WX- /Od /Oy- /D _MBCS /Gm /EHsc /RTC1 /MDd /GS /fp:precise /Zc:wchar_t /Zc:forScope /Fo"Debug\\" /Fd"Debug\vc110.pdb" /Gd /TP /analyze- /errorReport:prompt Game.cpp Main.cpp Position.cpp Sprite.cpp Terrain.cpp Texture.cpp Velocity.cpp
         Game.cpp
     1>c:\users\yogesh\documents\visual studio 2012\projects\tiny_wings_clone\plastic_jungle\game.cpp(150): warning C4244: '=' : conversion from 'int' to 'float', possible loss of data
     1>c:\users\yogesh\documents\visual studio 2012\projects\tiny_wings_clone\plastic_jungle\game.cpp(151): warning C4244: '=' : conversion from 'int' to 'float', possible loss of data
     1>c:\users\yogesh\documents\visual studio 2012\projects\tiny_wings_clone\plastic_jungle\game.cpp(152): warning C4244: '=' : conversion from 'int' to 'float', possible loss of data
     1>c:\users\yogesh\documents\visual studio 2012\projects\tiny_wings_clone\plastic_jungle\game.cpp(153): warning C4244: '=' : conversion from 'int' to 'float', possible loss of data
     1>c:\users\yogesh\documents\visual studio 2012\projects\tiny_wings_clone\plastic_jungle\game.cpp(160): warning C4244: '=' : conversion from 'float' to 'int', possible loss of data
     1>c:\users\yogesh\documents\visual studio 2012\projects\tiny_wings_clone\plastic_jungle\game.cpp(162): warning C4244: '=' : conversion from 'int' to 'float', possible loss of data
     1>c:\users\yogesh\documents\visual studio 2012\projects\tiny_wings_clone\plastic_jungle\game.cpp(163): warning C4244: '=' : conversion from 'double' to 'float', possible loss of data
     1>c:\users\yogesh\documents\visual studio 2012\projects\tiny_wings_clone\plastic_jungle\game.cpp(164): warning C4244: '=' : conversion from 'int' to 'float', possible loss of data
     1>c:\users\yogesh\documents\visual studio 2012\projects\tiny_wings_clone\plastic_jungle\game.cpp(165): warning C4244: '=' : conversion from 'int' to 'float', possible loss of data
     1>c:\users\yogesh\documents\visual studio 2012\projects\tiny_wings_clone\plastic_jungle\game.cpp(170): warning C4244: '=' : conversion from 'float' to 'int', possible loss of data
     1>c:\users\yogesh\documents\visual studio 2012\projects\tiny_wings_clone\plastic_jungle\game.cpp(171): warning C4244: '=' : conversion from 'float' to 'int', possible loss of data
     1>c:\users\yogesh\documents\visual studio 2012\projects\tiny_wings_clone\plastic_jungle\game.cpp(180): warning C4244: '=' : conversion from 'float' to 'int', possible loss of data
     1>c:\users\yogesh\documents\visual studio 2012\projects\tiny_wings_clone\plastic_jungle\game.cpp(189): warning C4244: '=' : conversion from 'float' to 'int', possible loss of data
     1>c:\users\yogesh\documents\visual studio 2012\projects\tiny_wings_clone\plastic_jungle\game.cpp(190): warning C4244: '=' : conversion from 'float' to 'int', possible loss of data
     1>c:\users\yogesh\documents\visual studio 2012\projects\tiny_wings_clone\plastic_jungle\game.cpp(195): warning C4244: '=' : conversion from 'float' to 'int', possible loss of data
     1>c:\users\yogesh\documents\visual studio 2012\projects\tiny_wings_clone\plastic_jungle\game.cpp(310): warning C4554: '&' : check operator precedence for possible error; use parentheses to clarify precedence
     1>c:\users\yogesh\documents\visual studio 2012\projects\tiny_wings_clone\plastic_jungle\game.cpp(322): warning C4554: '&' : check operator precedence for possible error; use parentheses to clarify precedence
         Generating Code...
         Skipping... (no relevant changes detected)
         Velocity.cpp
         Texture.cpp
         Terrain.cpp
         Sprite.cpp
         Position.cpp
         Main.cpp
       Link:
         C:\Program Files (x86)\Microsoft Visual Studio 11.0\VC\bin\link.exe /ERRORREPORT:PROMPT /OUT:"C:\Users\Yogesh\Documents\Visual Studio 2012\Projects\tiny_wings_clone\Debug\tiny_wings_clone.exe" /INCREMENTAL /NOLOGO SDL2.lib SDL2main.lib SDL2_image.lib SDL2_ttf.lib kernel32.lib user32.lib gdi32.lib winspool.lib comdlg32.lib advapi32.lib shell32.lib ole32.lib oleaut32.lib uuid.lib odbc32.lib odbccp32.lib /MANIFEST /MANIFESTUAC:"level='asInvoker' uiAccess='false'" /manifest:embed /DEBUG /PDB:"C:\Users\Yogesh\Documents\Visual Studio 2012\Projects\tiny_wings_clone\Debug\tiny_wings_clone.pdb" /SUBSYSTEM:CONSOLE /TLBID:1 /DYNAMICBASE /NXCOMPAT /IMPLIB:"C:\Users\Yogesh\Documents\Visual Studio 2012\Projects\tiny_wings_clone\Debug\tiny_wings_clone.lib" /MACHINE:X86 Debug\Game.obj
         Debug\Main.obj
         Debug\Position.obj
         Debug\Sprite.obj
         Debug\Terrain.obj
         Debug\Texture.obj
         Debug\Velocity.obj
         plastic_jungle.vcxproj -> C:\Users\Yogesh\Documents\Visual Studio 2012\Projects\tiny_wings_clone\Debug\tiny_wings_clone.exe
     1>Done Building Project "C:\Users\Yogesh\Documents\Visual Studio 2012\Projects\tiny_wings_clone\plastic_jungle\plastic_jungle.vcxproj" (Build target(s)).

Build succeeded.

Time Elapsed 00:00:02.35
